<?xml version="1.0" encoding="UTF-8"?>
<testsuite name="edu.cmu.cs.db.peloton.test.generate.ast.TestListElem" tests="1" skipped="0" failures="0" errors="0" timestamp="2017-03-27T12:47:05" hostname="GS13087.sp.cs.cmu.edu" time="0.004">
  <properties/>
  <testcase name="testListElem" classname="edu.cmu.cs.db.peloton.test.generate.ast.TestListElem" time="0.004"/>
  <system-out><![CDATA[]]></system-out>
  <system-err><![CDATA[]]></system-err>
</testsuite>
