<?xml version="1.0" encoding="UTF-8"?>
<testsuite name="edu.cmu.cs.db.peloton.test.generate.ast.TestListElem" tests="1" skipped="0" failures="0" errors="0" timestamp="2017-03-26T21:00:31" hostname="Tianyus-Air" time="0.004">
  <properties/>
  <testcase name="testListElem" classname="edu.cmu.cs.db.peloton.test.generate.ast.TestListElem" time="0.004"/>
  <system-out><![CDATA[]]></system-out>
  <system-err><![CDATA[]]></system-err>
</testsuite>
