<?xml version="1.0" encoding="UTF-8"?>
<testsuite name="edu.cmu.cs.db.peloton.test.generate.ast.SumElemTest" tests="1" skipped="0" failures="0" errors="0" timestamp="2017-03-20T20:12:39" hostname="GS13087.sp.cs.cmu.edu" time="0.006">
  <properties/>
  <testcase name="allClauses" classname="edu.cmu.cs.db.peloton.test.generate.ast.SumElemTest" time="0.006"/>
  <system-out><![CDATA[]]></system-out>
  <system-err><![CDATA[]]></system-err>
</testsuite>
